# JRE version: Java(TM) SE Runtime Environment (8.0_202-b08) (build 1.8.0_202-b08)
# Java VM: Java HotSpot(TM) 64-Bit Server VM (25.202-b08 mixed mode windows-amd64 compressed oops)
Heap:
 PSYoungGen      total 153088K, used 5334K [0x0000000715c00000, 0x0000000720680000, 0x00000007c0000000)
  eden space 131584K, 4% used [0x0000000715c00000,0x0000000716135998,0x000000071dc80000)
  from space 21504K, 0% used [0x000000071dc80000,0x000000071dc80000,0x000000071f180000)
  to   space 21504K, 0% used [0x000000071f180000,0x000000071f180000,0x0000000720680000)
 ParOldGen       total 138752K, used 6836K [0x00000005c1400000, 0x00000005c9b80000, 0x0000000715c00000)
  object space 138752K, 4% used [0x00000005c1400000,0x00000005c1aad220,0x00000005c9b80000)
 Metaspace       used 20776K, capacity 21246K, committed 21552K, reserved 1069056K
  class space    used 2542K, capacity 2658K, committed 2688K, reserved 1048576K
GC Heap History (4 events):
Event: 5.133 GC heap before
{Heap before GC invocations=1 (full 0):
 PSYoungGen      total 153088K, used 97504K [0x0000000715c00000, 0x0000000720680000, 0x00000007c0000000)
  eden space 131584K, 74% used [0x0000000715c00000,0x000000071bb38050,0x000000071dc80000)
  from space 21504K, 0% used [0x000000071f180000,0x000000071f180000,0x0000000720680000)
  to   space 21504K, 0% used [0x000000071dc80000,0x000000071dc80000,0x000000071f180000)
 ParOldGen       total 349696K, used 0K [0x00000005c1400000, 0x00000005d6980000, 0x0000000715c00000)
  object space 349696K, 0% used [0x00000005c1400000,0x00000005c1400000,0x00000005d6980000)
 Metaspace       used 20696K, capacity 21172K, committed 21296K, reserved 1069056K
  class space    used 2525K, capacity 2655K, committed 2688K, reserved 1048576K
Event: 5.137 GC heap after
Heap after GC invocations=1 (full 0):
 PSYoungGen      total 153088K, used 7128K [0x0000000715c00000, 0x0000000720680000, 0x00000007c0000000)
  eden space 131584K, 0% used [0x0000000715c00000,0x0000000715c00000,0x000000071dc80000)
  from space 21504K, 33% used [0x000000071dc80000,0x000000071e376350,0x000000071f180000)
  to   space 21504K, 0% used [0x000000071f180000,0x000000071f180000,0x0000000720680000)
 ParOldGen       total 349696K, used 32K [0x00000005c1400000, 0x00000005d6980000, 0x0000000715c00000)
  object space 349696K, 0% used [0x00000005c1400000,0x00000005c1408000,0x00000005d6980000)
 Metaspace       used 20696K, capacity 21172K, committed 21296K, reserved 1069056K
  class space    used 2525K, capacity 2655K, committed 2688K, reserved 1048576K
}
Event: 5.137 GC heap before
{Heap before GC invocations=2 (full 1):
 PSYoungGen      total 153088K, used 7128K [0x0000000715c00000, 0x0000000720680000, 0x00000007c0000000)
  eden space 131584K, 0% used [0x0000000715c00000,0x0000000715c00000,0x000000071dc80000)
  from space 21504K, 33% used [0x000000071dc80000,0x000000071e376350,0x000000071f180000)
  to   space 21504K, 0% used [0x000000071f180000,0x000000071f180000,0x0000000720680000)
 ParOldGen       total 349696K, used 32K [0x00000005c1400000, 0x00000005d6980000, 0x0000000715c00000)
  object space 349696K, 0% used [0x00000005c1400000,0x00000005c1408000,0x00000005d6980000)
 Metaspace       used 20696K, capacity 21172K, committed 21296K, reserved 1069056K
  class space    used 2525K, capacity 2655K, committed 2688K, reserved 1048576K
Event: 5.152 GC heap after
Heap after GC invocations=2 (full 1):
 PSYoungGen      total 153088K, used 0K [0x0000000715c00000, 0x0000000720680000, 0x00000007c0000000)
  eden space 131584K, 0% used [0x0000000715c00000,0x0000000715c00000,0x000000071dc80000)
  from space 21504K, 0% used [0x000000071dc80000,0x000000071dc80000,0x000000071f180000)
  to   space 21504K, 0% used [0x000000071f180000,0x000000071f180000,0x0000000720680000)
 ParOldGen       total 138752K, used 6836K [0x00000005c1400000, 0x00000005c9b80000, 0x0000000715c00000)
  object space 138752K, 4% used [0x00000005c1400000,0x00000005c1aad220,0x00000005c9b80000)
 Metaspace       used 20696K, capacity 21172K, committed 21296K, reserved 1069056K
  class space    used 2525K, capacity 2655K, committed 2688K, reserved 1048576K
}

